Tue Dec 09 2014 15:32:55 GMT-0800 (PST):
{ [TypeError: Object #<Subscription> has no method 'getPortalUrl']
  stack: [Getter/Setter],
  __frame: 
   { name: 'portalGitInitInstruction__15',
     line: 670,
     file: '/usr/local/lib/node_modules/azure-cli/lib/commands/asm/websites/websitesclient._js',
     prev: 
      { name: 'fallbackToPortal',
        line: 692,
        file: '/usr/local/lib/node_modules/azure-cli/lib/commands/asm/websites/websitesclient._js',
        prev: [Object],
        active: false,
        offset: 2,
        col: 6 },
     active: true,
     offset: 12,
     col: 8 },
  rawStack: [Getter] }
TypeError: Object #<Subscription> has no method 'getPortalUrl'
    at portalGitInitInstruction__15 (/usr/local/lib/node_modules/azure-cli/lib/commands/asm/websites/websitesclient._js:684:54)
    at portalGitInitInstruction__15 (/usr/local/lib/node_modules/azure-cli/lib/commands/asm/websites/websitesclient._js:682:8)
    at fallbackToPortal (/usr/local/lib/node_modules/azure-cli/lib/commands/asm/websites/websitesclient._js:694:6)
    at getPublishingUser__16 (/usr/local/lib/node_modules/azure-cli/lib/commands/asm/websites/websitesclient._js:728:8)
    at LinkedRevisionControlClient_prototype__addRemotesToLocalGitRepo__5 (/usr/local/lib/node_modules/azure-cli/lib/util/git/linkedrevisioncontrol._js:177:29)
    at GitClient_prototype_deploy__7 (/usr/local/lib/node_modules/azure-cli/lib/util/git/linkedrevisioncontrol._js:214:2)
    at __4 (/usr/local/lib/node_modules/azure-cli/lib/commands/asm/site._js:272:12)

